<?xml version="1.0" encoding="utf-8"?>
<TestRun id="fe8deacf-e099-4148-92b0-4a76e2be6478" name="@mlem 2025-10-05 00:47:39" xmlns="http://microsoft.com/schemas/VisualStudio/TeamTest/2010">
  <Times creation="2025-10-05T00:47:39.4504808+03:00" queuing="2025-10-05T00:47:39.4504808+03:00" start="2025-10-05T00:47:37.4634432+03:00" finish="2025-10-05T00:47:39.9308472+03:00" />
  <TestSettings name="default" id="3f4af74e-40b5-4715-b389-dccb306044b9">
    <Deployment runDeploymentRoot="_mlem_2025-10-05_00_47_39" />
  </TestSettings>
  <Results>
    <UnitTestResult executionId="ce3f6438-5a78-49b7-9b25-ddce3f1a44b6" testId="38062ccd-39be-7378-b7c9-c730e07f79ba" testName="Bot.Tests.ValidationTests.TryNormalizeLanguage_Works(input: &quot;fi&quot;, ok: True)" computerName="mlem" duration="00:00:00.0175221" startTime="2025-10-05T00:47:39.3585128+03:00" endTime="2025-10-05T00:47:39.3585128+03:00" testType="13cdc9d9-ddb5-4fa4-a97d-d965ccfc6d4b" outcome="Passed" testListId="8c84fa94-04c1-424b-9868-57a2d4851a1d" relativeResultsDirectory="ce3f6438-5a78-49b7-9b25-ddce3f1a44b6" />
    <UnitTestResult executionId="d03de8c6-14cd-466c-990f-47c4d3efac79" testId="d4e4ea12-c343-e653-2ac6-d647a4236b5c" testName="Bot.Tests.ValidationTests.LooksLikeRealName_Works(name: &quot;Anna-Maria O'Neil&quot;, ok: True)" computerName="mlem" duration="00:00:00.0000106" startTime="2025-10-05T00:47:39.4014623+03:00" endTime="2025-10-05T00:47:39.4014624+03:00" testType="13cdc9d9-ddb5-4fa4-a97d-d965ccfc6d4b" outcome="Passed" testListId="8c84fa94-04c1-424b-9868-57a2d4851a1d" relativeResultsDirectory="d03de8c6-14cd-466c-990f-47c4d3efac79" />
    <UnitTestResult executionId="2a30d9bd-3938-4866-bbc5-262865baa4ed" testId="f38c4584-cb92-b183-e143-d95eb9ac6602" testName="Bot.Tests.ValidationTests.ParseYesNo_Works(lang: &quot;en&quot;, input: &quot;no&quot;, ok: True, expected: False)" computerName="mlem" duration="00:00:00.0002635" startTime="2025-10-05T00:47:39.3978262+03:00" endTime="2025-10-05T00:47:39.3978263+03:00" testType="13cdc9d9-ddb5-4fa4-a97d-d965ccfc6d4b" outcome="Passed" testListId="8c84fa94-04c1-424b-9868-57a2d4851a1d" relativeResultsDirectory="2a30d9bd-3938-4866-bbc5-262865baa4ed" />
    <UnitTestResult executionId="5e853bd6-05f8-40d4-949f-eb8b774158dd" testId="ef65d7ea-7aa5-34bd-5c4a-c876d8bbbbce" testName="Bot.Tests.ValidationTests.LooksLikeRealName_Works(name: &quot;J&quot;, ok: False)" computerName="mlem" duration="00:00:00.0004379" startTime="2025-10-05T00:47:39.3994472+03:00" endTime="2025-10-05T00:47:39.3994473+03:00" testType="13cdc9d9-ddb5-4fa4-a97d-d965ccfc6d4b" outcome="Passed" testListId="8c84fa94-04c1-424b-9868-57a2d4851a1d" relativeResultsDirectory="5e853bd6-05f8-40d4-949f-eb8b774158dd" />
    <UnitTestResult executionId="fad60913-1487-492a-8a6b-5e554e149261" testId="845fc8d7-0231-fbb6-201c-b7341a4c4f75" testName="Bot.Tests.ValidationTests.LooksLikeRealName_Works(name: &quot;John Doe&quot;, ok: True)" computerName="mlem" duration="00:00:00.0000089" startTime="2025-10-05T00:47:39.4017542+03:00" endTime="2025-10-05T00:47:39.4017543+03:00" testType="13cdc9d9-ddb5-4fa4-a97d-d965ccfc6d4b" outcome="Passed" testListId="8c84fa94-04c1-424b-9868-57a2d4851a1d" relativeResultsDirectory="fad60913-1487-492a-8a6b-5e554e149261" />
    <UnitTestResult executionId="07df755e-b47a-4569-a554-418209a0cda1" testId="b976dcfe-833c-e7ce-ab03-e28094763002" testName="Bot.Tests.ValidationTests.ParseYesNo_Works(lang: &quot;fi&quot;, input: &quot;kyllä&quot;, ok: True, expected: True)" computerName="mlem" duration="00:00:00.0000195" startTime="2025-10-05T00:47:39.3986863+03:00" endTime="2025-10-05T00:47:39.3986864+03:00" testType="13cdc9d9-ddb5-4fa4-a97d-d965ccfc6d4b" outcome="Passed" testListId="8c84fa94-04c1-424b-9868-57a2d4851a1d" relativeResultsDirectory="07df755e-b47a-4569-a554-418209a0cda1" />
    <UnitTestResult executionId="7a786594-d3e2-41c9-a0a8-a3443557f804" testId="922c43a1-02c5-331f-3abc-a470221fe70d" testName="Bot.Tests.ValidationTests.NormalizeName_TitleCases" computerName="mlem" duration="00:00:00.0005785" startTime="2025-10-05T00:47:39.3990068+03:00" endTime="2025-10-05T00:47:39.3990068+03:00" testType="13cdc9d9-ddb5-4fa4-a97d-d965ccfc6d4b" outcome="Passed" testListId="8c84fa94-04c1-424b-9868-57a2d4851a1d" relativeResultsDirectory="7a786594-d3e2-41c9-a0a8-a3443557f804" />
    <UnitTestResult executionId="1723a38f-8dd1-412c-a17f-2d6ecd7133ec" testId="49a247a9-5faf-e845-6605-fc22e1444568" testName="Bot.Tests.FlowTests.Avec_Cancel_During_Flow" computerName="mlem" duration="00:00:00.0098784" startTime="2025-10-05T00:47:39.4751849+03:00" endTime="2025-10-05T00:47:39.4751850+03:00" testType="13cdc9d9-ddb5-4fa4-a97d-d965ccfc6d4b" outcome="Passed" testListId="8c84fa94-04c1-424b-9868-57a2d4851a1d" relativeResultsDirectory="1723a38f-8dd1-412c-a17f-2d6ecd7133ec" />
    <UnitTestResult executionId="674f243e-9030-41d8-87d2-66299a03af5c" testId="ef70724a-29ee-735a-609d-15691643f799" testName="Bot.Tests.ValidationTests.ParseYesNo_Works(lang: &quot;fi&quot;, input: &quot;ei&quot;, ok: True, expected: False)" computerName="mlem" duration="00:00:00.0000083" startTime="2025-10-05T00:47:39.3980924+03:00" endTime="2025-10-05T00:47:39.3980925+03:00" testType="13cdc9d9-ddb5-4fa4-a97d-d965ccfc6d4b" outcome="Passed" testListId="8c84fa94-04c1-424b-9868-57a2d4851a1d" relativeResultsDirectory="674f243e-9030-41d8-87d2-66299a03af5c" />
    <UnitTestResult executionId="64dd2803-a09b-413e-a758-f59990912f13" testId="6b41200f-3e45-aa0d-95b9-716669623620" testName="Bot.Tests.CsvExporterTests.Export_KeepsLatestActive_AndFlattens" computerName="mlem" duration="00:00:00.0968504" startTime="2025-10-05T00:47:39.4120140+03:00" endTime="2025-10-05T00:47:39.4120140+03:00" testType="13cdc9d9-ddb5-4fa4-a97d-d965ccfc6d4b" outcome="Passed" testListId="8c84fa94-04c1-424b-9868-57a2d4851a1d" relativeResultsDirectory="64dd2803-a09b-413e-a758-f59990912f13" />
    <UnitTestResult executionId="98a75c80-cec6-401b-b042-8dc60cfdd27a" testId="44565bbc-5c78-61b2-8a16-0ee5e5eb62c2" testName="Bot.Tests.ValidationTests.TryNormalizeLanguage_Works(input: &quot;xx&quot;, ok: False)" computerName="mlem" duration="00:00:00.0006816" startTime="2025-10-05T00:47:39.3614049+03:00" endTime="2025-10-05T00:47:39.3614050+03:00" testType="13cdc9d9-ddb5-4fa4-a97d-d965ccfc6d4b" outcome="Passed" testListId="8c84fa94-04c1-424b-9868-57a2d4851a1d" relativeResultsDirectory="98a75c80-cec6-401b-b042-8dc60cfdd27a" />
    <UnitTestResult executionId="01c91b86-c0d5-42ee-8f63-e16979587800" testId="b49c4732-a499-b3e0-28ff-05c1b695801a" testName="Bot.Tests.ValidationTests.IsCancelAvec_Works(lang: &quot;fi&quot;, input: &quot;ei&quot;, expected: True)" computerName="mlem" duration="00:00:00.0006118" startTime="2025-10-05T00:47:39.4026038+03:00" endTime="2025-10-05T00:47:39.4026038+03:00" testType="13cdc9d9-ddb5-4fa4-a97d-d965ccfc6d4b" outcome="Passed" testListId="8c84fa94-04c1-424b-9868-57a2d4851a1d" relativeResultsDirectory="01c91b86-c0d5-42ee-8f63-e16979587800" />
    <UnitTestResult executionId="0fe4fcb5-bc9d-49b2-916c-91888fd6e0b0" testId="810e2c77-0045-c6e5-7f42-6c40c54cfcbc" testName="Bot.Tests.FlowTests.Language_Flow_InvalidThenValid" computerName="mlem" duration="00:00:00.1497955" startTime="2025-10-05T00:47:39.4647199+03:00" endTime="2025-10-05T00:47:39.4647199+03:00" testType="13cdc9d9-ddb5-4fa4-a97d-d965ccfc6d4b" outcome="Passed" testListId="8c84fa94-04c1-424b-9868-57a2d4851a1d" relativeResultsDirectory="0fe4fcb5-bc9d-49b2-916c-91888fd6e0b0" />
    <UnitTestResult executionId="540132b5-7eab-414b-a989-18b054d552f0" testId="ddb8e8e3-e496-5f81-2666-38b638ba4a0e" testName="Bot.Tests.ValidationTests.ParseYesNo_Works(lang: &quot;en&quot;, input: &quot;yes&quot;, ok: True, expected: True)" computerName="mlem" duration="00:00:00.0006432" startTime="2025-10-05T00:47:39.3974636+03:00" endTime="2025-10-05T00:47:39.3974637+03:00" testType="13cdc9d9-ddb5-4fa4-a97d-d965ccfc6d4b" outcome="Passed" testListId="8c84fa94-04c1-424b-9868-57a2d4851a1d" relativeResultsDirectory="540132b5-7eab-414b-a989-18b054d552f0" />
    <UnitTestResult executionId="ff033585-de73-4f81-90f5-75c754a4e851" testId="c8e70a8b-2c6e-3c14-b4a0-d2fa8b1b348c" testName="Bot.Tests.ValidationTests.LooksLikeRealName_Works(name: &quot;John 123&quot;, ok: False)" computerName="mlem" duration="00:00:00.0002006" startTime="2025-10-05T00:47:39.3998039+03:00" endTime="2025-10-05T00:47:39.3998040+03:00" testType="13cdc9d9-ddb5-4fa4-a97d-d965ccfc6d4b" outcome="Passed" testListId="8c84fa94-04c1-424b-9868-57a2d4851a1d" relativeResultsDirectory="ff033585-de73-4f81-90f5-75c754a4e851" />
    <UnitTestResult executionId="268d021a-a37e-4173-894c-7c708e6efc63" testId="76bee936-fc1f-5f9f-f4bb-667dc12932b1" testName="Bot.Tests.CsvExporterTests.Export_ExcludesUsersWithDeletedLatest" computerName="mlem" duration="00:00:00.0041005" startTime="2025-10-05T00:47:39.4164767+03:00" endTime="2025-10-05T00:47:39.4164768+03:00" testType="13cdc9d9-ddb5-4fa4-a97d-d965ccfc6d4b" outcome="Passed" testListId="8c84fa94-04c1-424b-9868-57a2d4851a1d" relativeResultsDirectory="268d021a-a37e-4173-894c-7c708e6efc63" />
    <UnitTestResult executionId="ccefabfd-53a1-4146-b1e9-ae6092b36c46" testId="37e082c5-61eb-10a4-818b-2157416f4c2c" testName="Bot.Tests.MenuTests.Command_Matchers_Work" computerName="mlem" duration="00:00:00.0008594" startTime="2025-10-05T00:47:39.3970632+03:00" endTime="2025-10-05T00:47:39.3970632+03:00" testType="13cdc9d9-ddb5-4fa4-a97d-d965ccfc6d4b" outcome="Passed" testListId="8c84fa94-04c1-424b-9868-57a2d4851a1d" relativeResultsDirectory="ccefabfd-53a1-4146-b1e9-ae6092b36c46" />
    <UnitTestResult executionId="439d5609-1438-4f63-a0ed-a9051b4b4903" testId="f8d6f50e-3aa0-31d8-71c3-bc57caae6ee6" testName="Bot.Tests.ValidationTests.LooksLikeRealName_Works(name: &quot;j d&quot;, ok: False)" computerName="mlem" duration="00:00:00.0000074" startTime="2025-10-05T00:47:39.4020392+03:00" endTime="2025-10-05T00:47:39.4020393+03:00" testType="13cdc9d9-ddb5-4fa4-a97d-d965ccfc6d4b" outcome="Passed" testListId="8c84fa94-04c1-424b-9868-57a2d4851a1d" relativeResultsDirectory="439d5609-1438-4f63-a0ed-a9051b4b4903" />
    <UnitTestResult executionId="e3770cad-e27f-460a-8ade-768c49f4655b" testId="8f95f43d-c72d-a1c2-aad7-7289031c0ab2" testName="Bot.Tests.GuestRepositoryTests.GetLatestForAsync_FallsBackToChatId" computerName="mlem" duration="00:00:00.0064617" startTime="2025-10-05T00:47:39.4128530+03:00" endTime="2025-10-05T00:47:39.4128530+03:00" testType="13cdc9d9-ddb5-4fa4-a97d-d965ccfc6d4b" outcome="Passed" testListId="8c84fa94-04c1-424b-9868-57a2d4851a1d" relativeResultsDirectory="e3770cad-e27f-460a-8ade-768c49f4655b" />
    <UnitTestResult executionId="cc48fe3a-6223-420a-a4cf-44bb81695f36" testId="fe24b108-bf21-50c0-4f8b-93d392b31f24" testName="Bot.Tests.ValidationTests.ParseYesNo_Works(lang: &quot;en&quot;, input: &quot;maybe&quot;, ok: False, expected: False)" computerName="mlem" duration="00:00:00.0000068" startTime="2025-10-05T00:47:39.3983557+03:00" endTime="2025-10-05T00:47:39.3983557+03:00" testType="13cdc9d9-ddb5-4fa4-a97d-d965ccfc6d4b" outcome="Passed" testListId="8c84fa94-04c1-424b-9868-57a2d4851a1d" relativeResultsDirectory="cc48fe3a-6223-420a-a4cf-44bb81695f36" />
    <UnitTestResult executionId="db19b106-0cdf-4351-a93b-526f2022b339" testId="b47a507c-546d-65f5-c242-d62411405f28" testName="Bot.Tests.FlowTests.Full_Signup_Without_Avec" computerName="mlem" duration="00:00:00.0096374" startTime="2025-10-05T00:47:39.4946479+03:00" endTime="2025-10-05T00:47:39.4946479+03:00" testType="13cdc9d9-ddb5-4fa4-a97d-d965ccfc6d4b" outcome="Passed" testListId="8c84fa94-04c1-424b-9868-57a2d4851a1d" relativeResultsDirectory="db19b106-0cdf-4351-a93b-526f2022b339" />
    <UnitTestResult executionId="7a3c8498-c42f-416d-9552-049a0cb86652" testId="e98cd23e-d2af-fd15-29fb-23564dc26032" testName="Bot.Tests.ValidationTests.IsCancelAvec_Works(lang: &quot;en&quot;, input: &quot;keep&quot;, expected: False)" computerName="mlem" duration="00:00:00.0000147" startTime="2025-10-05T00:47:39.4028691+03:00" endTime="2025-10-05T00:47:39.4028692+03:00" testType="13cdc9d9-ddb5-4fa4-a97d-d965ccfc6d4b" outcome="Passed" testListId="8c84fa94-04c1-424b-9868-57a2d4851a1d" relativeResultsDirectory="7a3c8498-c42f-416d-9552-049a0cb86652" />
    <UnitTestResult executionId="db4fab41-cb9c-4305-91e6-8a762c5af392" testId="97a72a95-bc3c-8b35-8364-8fcd20616cee" testName="Bot.Tests.MenuTests.Labels_Localize" computerName="mlem" duration="00:00:00.0141815" startTime="2025-10-05T00:47:39.3464034+03:00" endTime="2025-10-05T00:47:39.3464527+03:00" testType="13cdc9d9-ddb5-4fa4-a97d-d965ccfc6d4b" outcome="Passed" testListId="8c84fa94-04c1-424b-9868-57a2d4851a1d" relativeResultsDirectory="db4fab41-cb9c-4305-91e6-8a762c5af392" />
    <UnitTestResult executionId="6978723b-8e5b-4974-ad2f-920295e63b79" testId="c85950ec-0643-07f2-1b0a-c3afbd10b617" testName="Bot.Tests.ValidationTests.IsCancelAvec_Works(lang: &quot;en&quot;, input: &quot;none&quot;, expected: True)" computerName="mlem" duration="00:00:00.0000078" startTime="2025-10-05T00:47:39.4031610+03:00" endTime="2025-10-05T00:47:39.4031611+03:00" testType="13cdc9d9-ddb5-4fa4-a97d-d965ccfc6d4b" outcome="Passed" testListId="8c84fa94-04c1-424b-9868-57a2d4851a1d" relativeResultsDirectory="6978723b-8e5b-4974-ad2f-920295e63b79" />
    <UnitTestResult executionId="8683d63c-399e-47c6-b449-169d1aa5afe1" testId="fb0339c6-5fc2-3b49-b8a8-fd40db577e19" testName="Bot.Tests.GuestRepositoryTests.GetLatestForAsync_ReturnsLatestByUserId" computerName="mlem" duration="00:00:00.0836514" startTime="2025-10-05T00:47:39.4033685+03:00" endTime="2025-10-05T00:47:39.4033685+03:00" testType="13cdc9d9-ddb5-4fa4-a97d-d965ccfc6d4b" outcome="Passed" testListId="8c84fa94-04c1-424b-9868-57a2d4851a1d" relativeResultsDirectory="8683d63c-399e-47c6-b449-169d1aa5afe1" />
    <UnitTestResult executionId="0112c74d-883c-4105-96c1-2ac46a90da01" testId="4ae0ece2-c30b-b874-02cf-d78867634c79" testName="Bot.Tests.FlowTests.Change_Avec_After_Submit_And_Remove" computerName="mlem" duration="00:00:00.0091639" startTime="2025-10-05T00:47:39.4847021+03:00" endTime="2025-10-05T00:47:39.4847022+03:00" testType="13cdc9d9-ddb5-4fa4-a97d-d965ccfc6d4b" outcome="Passed" testListId="8c84fa94-04c1-424b-9868-57a2d4851a1d" relativeResultsDirectory="0112c74d-883c-4105-96c1-2ac46a90da01" />
    <UnitTestResult executionId="014072b6-5531-40f8-a2d4-40e1ee4fa762" testId="67736f8d-3159-0472-489d-e97fb63c5c9d" testName="Bot.Tests.ValidationTests.IsCancelAvec_Works(lang: &quot;en&quot;, input: &quot;remove&quot;, expected: True)" computerName="mlem" duration="00:00:00.0004566" startTime="2025-10-05T00:47:39.4023072+03:00" endTime="2025-10-05T00:47:39.4023073+03:00" testType="13cdc9d9-ddb5-4fa4-a97d-d965ccfc6d4b" outcome="Passed" testListId="8c84fa94-04c1-424b-9868-57a2d4851a1d" relativeResultsDirectory="014072b6-5531-40f8-a2d4-40e1ee4fa762" />
    <UnitTestResult executionId="f48a821b-f5ef-47e9-8ac1-3a1c49864746" testId="e3a7f7b4-c5ee-6e03-72c6-c0ee0676fd48" testName="Bot.Tests.ValidationTests.TryNormalizeLanguage_Works(input: &quot;FI&quot;, ok: True)" computerName="mlem" duration="00:00:00.0000154" startTime="2025-10-05T00:47:39.3617168+03:00" endTime="2025-10-05T00:47:39.3617169+03:00" testType="13cdc9d9-ddb5-4fa4-a97d-d965ccfc6d4b" outcome="Passed" testListId="8c84fa94-04c1-424b-9868-57a2d4851a1d" relativeResultsDirectory="f48a821b-f5ef-47e9-8ac1-3a1c49864746" />
    <UnitTestResult executionId="697f58b6-8a5d-4b53-884d-f697df8ad79d" testId="b7002acc-db5a-dc43-ed60-4fc830d983e2" testName="Bot.Tests.ValidationTests.TryNormalizeLanguage_Works(input: &quot;en&quot;, ok: True)" computerName="mlem" duration="00:00:00.0000066" startTime="2025-10-05T00:47:39.3619835+03:00" endTime="2025-10-05T00:47:39.3619835+03:00" testType="13cdc9d9-ddb5-4fa4-a97d-d965ccfc6d4b" outcome="Passed" testListId="8c84fa94-04c1-424b-9868-57a2d4851a1d" relativeResultsDirectory="697f58b6-8a5d-4b53-884d-f697df8ad79d" />
  </Results>
  <TestDefinitions>
    <UnitTest name="Bot.Tests.ValidationTests.TryNormalizeLanguage_Works(input: &quot;xx&quot;, ok: False)" storage="/home/dani/src/bot/tests/bot.tests/bin/release/net9.0/bot.tests.dll" id="44565bbc-5c78-61b2-8a16-0ee5e5eb62c2">
      <Execution id="98a75c80-cec6-401b-b042-8dc60cfdd27a" />
      <TestMethod codeBase="/home/dani/src/Bot/tests/Bot.Tests/bin/Release/net9.0/Bot.Tests.dll" adapterTypeName="executor://xunit/VsTestRunner2/netcoreapp" className="Bot.Tests.ValidationTests" name="TryNormalizeLanguage_Works" />
    </UnitTest>
    <UnitTest name="Bot.Tests.ValidationTests.ParseYesNo_Works(lang: &quot;en&quot;, input: &quot;yes&quot;, ok: True, expected: True)" storage="/home/dani/src/bot/tests/bot.tests/bin/release/net9.0/bot.tests.dll" id="ddb8e8e3-e496-5f81-2666-38b638ba4a0e">
      <Execution id="540132b5-7eab-414b-a989-18b054d552f0" />
      <TestMethod codeBase="/home/dani/src/Bot/tests/Bot.Tests/bin/Release/net9.0/Bot.Tests.dll" adapterTypeName="executor://xunit/VsTestRunner2/netcoreapp" className="Bot.Tests.ValidationTests" name="ParseYesNo_Works" />
    </UnitTest>
    <UnitTest name="Bot.Tests.ValidationTests.IsCancelAvec_Works(lang: &quot;fi&quot;, input: &quot;ei&quot;, expected: True)" storage="/home/dani/src/bot/tests/bot.tests/bin/release/net9.0/bot.tests.dll" id="b49c4732-a499-b3e0-28ff-05c1b695801a">
      <Execution id="01c91b86-c0d5-42ee-8f63-e16979587800" />
      <TestMethod codeBase="/home/dani/src/Bot/tests/Bot.Tests/bin/Release/net9.0/Bot.Tests.dll" adapterTypeName="executor://xunit/VsTestRunner2/netcoreapp" className="Bot.Tests.ValidationTests" name="IsCancelAvec_Works" />
    </UnitTest>
    <UnitTest name="Bot.Tests.ValidationTests.IsCancelAvec_Works(lang: &quot;en&quot;, input: &quot;keep&quot;, expected: False)" storage="/home/dani/src/bot/tests/bot.tests/bin/release/net9.0/bot.tests.dll" id="e98cd23e-d2af-fd15-29fb-23564dc26032">
      <Execution id="7a3c8498-c42f-416d-9552-049a0cb86652" />
      <TestMethod codeBase="/home/dani/src/Bot/tests/Bot.Tests/bin/Release/net9.0/Bot.Tests.dll" adapterTypeName="executor://xunit/VsTestRunner2/netcoreapp" className="Bot.Tests.ValidationTests" name="IsCancelAvec_Works" />
    </UnitTest>
    <UnitTest name="Bot.Tests.GuestRepositoryTests.GetLatestForAsync_FallsBackToChatId" storage="/home/dani/src/bot/tests/bot.tests/bin/release/net9.0/bot.tests.dll" id="8f95f43d-c72d-a1c2-aad7-7289031c0ab2">
      <Execution id="e3770cad-e27f-460a-8ade-768c49f4655b" />
      <TestMethod codeBase="/home/dani/src/Bot/tests/Bot.Tests/bin/Release/net9.0/Bot.Tests.dll" adapterTypeName="executor://xunit/VsTestRunner2/netcoreapp" className="Bot.Tests.GuestRepositoryTests" name="GetLatestForAsync_FallsBackToChatId" />
    </UnitTest>
    <UnitTest name="Bot.Tests.ValidationTests.TryNormalizeLanguage_Works(input: &quot;en&quot;, ok: True)" storage="/home/dani/src/bot/tests/bot.tests/bin/release/net9.0/bot.tests.dll" id="b7002acc-db5a-dc43-ed60-4fc830d983e2">
      <Execution id="697f58b6-8a5d-4b53-884d-f697df8ad79d" />
      <TestMethod codeBase="/home/dani/src/Bot/tests/Bot.Tests/bin/Release/net9.0/Bot.Tests.dll" adapterTypeName="executor://xunit/VsTestRunner2/netcoreapp" className="Bot.Tests.ValidationTests" name="TryNormalizeLanguage_Works" />
    </UnitTest>
    <UnitTest name="Bot.Tests.ValidationTests.LooksLikeRealName_Works(name: &quot;John Doe&quot;, ok: True)" storage="/home/dani/src/bot/tests/bot.tests/bin/release/net9.0/bot.tests.dll" id="845fc8d7-0231-fbb6-201c-b7341a4c4f75">
      <Execution id="fad60913-1487-492a-8a6b-5e554e149261" />
      <TestMethod codeBase="/home/dani/src/Bot/tests/Bot.Tests/bin/Release/net9.0/Bot.Tests.dll" adapterTypeName="executor://xunit/VsTestRunner2/netcoreapp" className="Bot.Tests.ValidationTests" name="LooksLikeRealName_Works" />
    </UnitTest>
    <UnitTest name="Bot.Tests.GuestRepositoryTests.GetLatestForAsync_ReturnsLatestByUserId" storage="/home/dani/src/bot/tests/bot.tests/bin/release/net9.0/bot.tests.dll" id="fb0339c6-5fc2-3b49-b8a8-fd40db577e19">
      <Execution id="8683d63c-399e-47c6-b449-169d1aa5afe1" />
      <TestMethod codeBase="/home/dani/src/Bot/tests/Bot.Tests/bin/Release/net9.0/Bot.Tests.dll" adapterTypeName="executor://xunit/VsTestRunner2/netcoreapp" className="Bot.Tests.GuestRepositoryTests" name="GetLatestForAsync_ReturnsLatestByUserId" />
    </UnitTest>
    <UnitTest name="Bot.Tests.ValidationTests.TryNormalizeLanguage_Works(input: &quot;FI&quot;, ok: True)" storage="/home/dani/src/bot/tests/bot.tests/bin/release/net9.0/bot.tests.dll" id="e3a7f7b4-c5ee-6e03-72c6-c0ee0676fd48">
      <Execution id="f48a821b-f5ef-47e9-8ac1-3a1c49864746" />
      <TestMethod codeBase="/home/dani/src/Bot/tests/Bot.Tests/bin/Release/net9.0/Bot.Tests.dll" adapterTypeName="executor://xunit/VsTestRunner2/netcoreapp" className="Bot.Tests.ValidationTests" name="TryNormalizeLanguage_Works" />
    </UnitTest>
    <UnitTest name="Bot.Tests.MenuTests.Labels_Localize" storage="/home/dani/src/bot/tests/bot.tests/bin/release/net9.0/bot.tests.dll" id="97a72a95-bc3c-8b35-8364-8fcd20616cee">
      <Execution id="db4fab41-cb9c-4305-91e6-8a762c5af392" />
      <TestMethod codeBase="/home/dani/src/Bot/tests/Bot.Tests/bin/Release/net9.0/Bot.Tests.dll" adapterTypeName="executor://xunit/VsTestRunner2/netcoreapp" className="Bot.Tests.MenuTests" name="Labels_Localize" />
    </UnitTest>
    <UnitTest name="Bot.Tests.ValidationTests.LooksLikeRealName_Works(name: &quot;John 123&quot;, ok: False)" storage="/home/dani/src/bot/tests/bot.tests/bin/release/net9.0/bot.tests.dll" id="c8e70a8b-2c6e-3c14-b4a0-d2fa8b1b348c">
      <Execution id="ff033585-de73-4f81-90f5-75c754a4e851" />
      <TestMethod codeBase="/home/dani/src/Bot/tests/Bot.Tests/bin/Release/net9.0/Bot.Tests.dll" adapterTypeName="executor://xunit/VsTestRunner2/netcoreapp" className="Bot.Tests.ValidationTests" name="LooksLikeRealName_Works" />
    </UnitTest>
    <UnitTest name="Bot.Tests.ValidationTests.ParseYesNo_Works(lang: &quot;en&quot;, input: &quot;maybe&quot;, ok: False, expected: False)" storage="/home/dani/src/bot/tests/bot.tests/bin/release/net9.0/bot.tests.dll" id="fe24b108-bf21-50c0-4f8b-93d392b31f24">
      <Execution id="cc48fe3a-6223-420a-a4cf-44bb81695f36" />
      <TestMethod codeBase="/home/dani/src/Bot/tests/Bot.Tests/bin/Release/net9.0/Bot.Tests.dll" adapterTypeName="executor://xunit/VsTestRunner2/netcoreapp" className="Bot.Tests.ValidationTests" name="ParseYesNo_Works" />
    </UnitTest>
    <UnitTest name="Bot.Tests.ValidationTests.IsCancelAvec_Works(lang: &quot;en&quot;, input: &quot;remove&quot;, expected: True)" storage="/home/dani/src/bot/tests/bot.tests/bin/release/net9.0/bot.tests.dll" id="67736f8d-3159-0472-489d-e97fb63c5c9d">
      <Execution id="014072b6-5531-40f8-a2d4-40e1ee4fa762" />
      <TestMethod codeBase="/home/dani/src/Bot/tests/Bot.Tests/bin/Release/net9.0/Bot.Tests.dll" adapterTypeName="executor://xunit/VsTestRunner2/netcoreapp" className="Bot.Tests.ValidationTests" name="IsCancelAvec_Works" />
    </UnitTest>
    <UnitTest name="Bot.Tests.ValidationTests.ParseYesNo_Works(lang: &quot;en&quot;, input: &quot;no&quot;, ok: True, expected: False)" storage="/home/dani/src/bot/tests/bot.tests/bin/release/net9.0/bot.tests.dll" id="f38c4584-cb92-b183-e143-d95eb9ac6602">
      <Execution id="2a30d9bd-3938-4866-bbc5-262865baa4ed" />
      <TestMethod codeBase="/home/dani/src/Bot/tests/Bot.Tests/bin/Release/net9.0/Bot.Tests.dll" adapterTypeName="executor://xunit/VsTestRunner2/netcoreapp" className="Bot.Tests.ValidationTests" name="ParseYesNo_Works" />
    </UnitTest>
    <UnitTest name="Bot.Tests.FlowTests.Full_Signup_Without_Avec" storage="/home/dani/src/bot/tests/bot.tests/bin/release/net9.0/bot.tests.dll" id="b47a507c-546d-65f5-c242-d62411405f28">
      <Execution id="db19b106-0cdf-4351-a93b-526f2022b339" />
      <TestMethod codeBase="/home/dani/src/Bot/tests/Bot.Tests/bin/Release/net9.0/Bot.Tests.dll" adapterTypeName="executor://xunit/VsTestRunner2/netcoreapp" className="Bot.Tests.FlowTests" name="Full_Signup_Without_Avec" />
    </UnitTest>
    <UnitTest name="Bot.Tests.ValidationTests.NormalizeName_TitleCases" storage="/home/dani/src/bot/tests/bot.tests/bin/release/net9.0/bot.tests.dll" id="922c43a1-02c5-331f-3abc-a470221fe70d">
      <Execution id="7a786594-d3e2-41c9-a0a8-a3443557f804" />
      <TestMethod codeBase="/home/dani/src/Bot/tests/Bot.Tests/bin/Release/net9.0/Bot.Tests.dll" adapterTypeName="executor://xunit/VsTestRunner2/netcoreapp" className="Bot.Tests.ValidationTests" name="NormalizeName_TitleCases" />
    </UnitTest>
    <UnitTest name="Bot.Tests.ValidationTests.ParseYesNo_Works(lang: &quot;fi&quot;, input: &quot;kyllä&quot;, ok: True, expected: True)" storage="/home/dani/src/bot/tests/bot.tests/bin/release/net9.0/bot.tests.dll" id="b976dcfe-833c-e7ce-ab03-e28094763002">
      <Execution id="07df755e-b47a-4569-a554-418209a0cda1" />
      <TestMethod codeBase="/home/dani/src/Bot/tests/Bot.Tests/bin/Release/net9.0/Bot.Tests.dll" adapterTypeName="executor://xunit/VsTestRunner2/netcoreapp" className="Bot.Tests.ValidationTests" name="ParseYesNo_Works" />
    </UnitTest>
    <UnitTest name="Bot.Tests.ValidationTests.ParseYesNo_Works(lang: &quot;fi&quot;, input: &quot;ei&quot;, ok: True, expected: False)" storage="/home/dani/src/bot/tests/bot.tests/bin/release/net9.0/bot.tests.dll" id="ef70724a-29ee-735a-609d-15691643f799">
      <Execution id="674f243e-9030-41d8-87d2-66299a03af5c" />
      <TestMethod codeBase="/home/dani/src/Bot/tests/Bot.Tests/bin/Release/net9.0/Bot.Tests.dll" adapterTypeName="executor://xunit/VsTestRunner2/netcoreapp" className="Bot.Tests.ValidationTests" name="ParseYesNo_Works" />
    </UnitTest>
    <UnitTest name="Bot.Tests.MenuTests.Command_Matchers_Work" storage="/home/dani/src/bot/tests/bot.tests/bin/release/net9.0/bot.tests.dll" id="37e082c5-61eb-10a4-818b-2157416f4c2c">
      <Execution id="ccefabfd-53a1-4146-b1e9-ae6092b36c46" />
      <TestMethod codeBase="/home/dani/src/Bot/tests/Bot.Tests/bin/Release/net9.0/Bot.Tests.dll" adapterTypeName="executor://xunit/VsTestRunner2/netcoreapp" className="Bot.Tests.MenuTests" name="Command_Matchers_Work" />
    </UnitTest>
    <UnitTest name="Bot.Tests.ValidationTests.LooksLikeRealName_Works(name: &quot;j d&quot;, ok: False)" storage="/home/dani/src/bot/tests/bot.tests/bin/release/net9.0/bot.tests.dll" id="f8d6f50e-3aa0-31d8-71c3-bc57caae6ee6">
      <Execution id="439d5609-1438-4f63-a0ed-a9051b4b4903" />
      <TestMethod codeBase="/home/dani/src/Bot/tests/Bot.Tests/bin/Release/net9.0/Bot.Tests.dll" adapterTypeName="executor://xunit/VsTestRunner2/netcoreapp" className="Bot.Tests.ValidationTests" name="LooksLikeRealName_Works" />
    </UnitTest>
    <UnitTest name="Bot.Tests.CsvExporterTests.Export_KeepsLatestActive_AndFlattens" storage="/home/dani/src/bot/tests/bot.tests/bin/release/net9.0/bot.tests.dll" id="6b41200f-3e45-aa0d-95b9-716669623620">
      <Execution id="64dd2803-a09b-413e-a758-f59990912f13" />
      <TestMethod codeBase="/home/dani/src/Bot/tests/Bot.Tests/bin/Release/net9.0/Bot.Tests.dll" adapterTypeName="executor://xunit/VsTestRunner2/netcoreapp" className="Bot.Tests.CsvExporterTests" name="Export_KeepsLatestActive_AndFlattens" />
    </UnitTest>
    <UnitTest name="Bot.Tests.ValidationTests.LooksLikeRealName_Works(name: &quot;Anna-Maria O'Neil&quot;, ok: True)" storage="/home/dani/src/bot/tests/bot.tests/bin/release/net9.0/bot.tests.dll" id="d4e4ea12-c343-e653-2ac6-d647a4236b5c">
      <Execution id="d03de8c6-14cd-466c-990f-47c4d3efac79" />
      <TestMethod codeBase="/home/dani/src/Bot/tests/Bot.Tests/bin/Release/net9.0/Bot.Tests.dll" adapterTypeName="executor://xunit/VsTestRunner2/netcoreapp" className="Bot.Tests.ValidationTests" name="LooksLikeRealName_Works" />
    </UnitTest>
    <UnitTest name="Bot.Tests.FlowTests.Avec_Cancel_During_Flow" storage="/home/dani/src/bot/tests/bot.tests/bin/release/net9.0/bot.tests.dll" id="49a247a9-5faf-e845-6605-fc22e1444568">
      <Execution id="1723a38f-8dd1-412c-a17f-2d6ecd7133ec" />
      <TestMethod codeBase="/home/dani/src/Bot/tests/Bot.Tests/bin/Release/net9.0/Bot.Tests.dll" adapterTypeName="executor://xunit/VsTestRunner2/netcoreapp" className="Bot.Tests.FlowTests" name="Avec_Cancel_During_Flow" />
    </UnitTest>
    <UnitTest name="Bot.Tests.ValidationTests.LooksLikeRealName_Works(name: &quot;J&quot;, ok: False)" storage="/home/dani/src/bot/tests/bot.tests/bin/release/net9.0/bot.tests.dll" id="ef65d7ea-7aa5-34bd-5c4a-c876d8bbbbce">
      <Execution id="5e853bd6-05f8-40d4-949f-eb8b774158dd" />
      <TestMethod codeBase="/home/dani/src/Bot/tests/Bot.Tests/bin/Release/net9.0/Bot.Tests.dll" adapterTypeName="executor://xunit/VsTestRunner2/netcoreapp" className="Bot.Tests.ValidationTests" name="LooksLikeRealName_Works" />
    </UnitTest>
    <UnitTest name="Bot.Tests.ValidationTests.IsCancelAvec_Works(lang: &quot;en&quot;, input: &quot;none&quot;, expected: True)" storage="/home/dani/src/bot/tests/bot.tests/bin/release/net9.0/bot.tests.dll" id="c85950ec-0643-07f2-1b0a-c3afbd10b617">
      <Execution id="6978723b-8e5b-4974-ad2f-920295e63b79" />
      <TestMethod codeBase="/home/dani/src/Bot/tests/Bot.Tests/bin/Release/net9.0/Bot.Tests.dll" adapterTypeName="executor://xunit/VsTestRunner2/netcoreapp" className="Bot.Tests.ValidationTests" name="IsCancelAvec_Works" />
    </UnitTest>
    <UnitTest name="Bot.Tests.FlowTests.Change_Avec_After_Submit_And_Remove" storage="/home/dani/src/bot/tests/bot.tests/bin/release/net9.0/bot.tests.dll" id="4ae0ece2-c30b-b874-02cf-d78867634c79">
      <Execution id="0112c74d-883c-4105-96c1-2ac46a90da01" />
      <TestMethod codeBase="/home/dani/src/Bot/tests/Bot.Tests/bin/Release/net9.0/Bot.Tests.dll" adapterTypeName="executor://xunit/VsTestRunner2/netcoreapp" className="Bot.Tests.FlowTests" name="Change_Avec_After_Submit_And_Remove" />
    </UnitTest>
    <UnitTest name="Bot.Tests.FlowTests.Language_Flow_InvalidThenValid" storage="/home/dani/src/bot/tests/bot.tests/bin/release/net9.0/bot.tests.dll" id="810e2c77-0045-c6e5-7f42-6c40c54cfcbc">
      <Execution id="0fe4fcb5-bc9d-49b2-916c-91888fd6e0b0" />
      <TestMethod codeBase="/home/dani/src/Bot/tests/Bot.Tests/bin/Release/net9.0/Bot.Tests.dll" adapterTypeName="executor://xunit/VsTestRunner2/netcoreapp" className="Bot.Tests.FlowTests" name="Language_Flow_InvalidThenValid" />
    </UnitTest>
    <UnitTest name="Bot.Tests.ValidationTests.TryNormalizeLanguage_Works(input: &quot;fi&quot;, ok: True)" storage="/home/dani/src/bot/tests/bot.tests/bin/release/net9.0/bot.tests.dll" id="38062ccd-39be-7378-b7c9-c730e07f79ba">
      <Execution id="ce3f6438-5a78-49b7-9b25-ddce3f1a44b6" />
      <TestMethod codeBase="/home/dani/src/Bot/tests/Bot.Tests/bin/Release/net9.0/Bot.Tests.dll" adapterTypeName="executor://xunit/VsTestRunner2/netcoreapp" className="Bot.Tests.ValidationTests" name="TryNormalizeLanguage_Works" />
    </UnitTest>
    <UnitTest name="Bot.Tests.CsvExporterTests.Export_ExcludesUsersWithDeletedLatest" storage="/home/dani/src/bot/tests/bot.tests/bin/release/net9.0/bot.tests.dll" id="76bee936-fc1f-5f9f-f4bb-667dc12932b1">
      <Execution id="268d021a-a37e-4173-894c-7c708e6efc63" />
      <TestMethod codeBase="/home/dani/src/Bot/tests/Bot.Tests/bin/Release/net9.0/Bot.Tests.dll" adapterTypeName="executor://xunit/VsTestRunner2/netcoreapp" className="Bot.Tests.CsvExporterTests" name="Export_ExcludesUsersWithDeletedLatest" />
    </UnitTest>
  </TestDefinitions>
  <TestEntries>
    <TestEntry testId="38062ccd-39be-7378-b7c9-c730e07f79ba" executionId="ce3f6438-5a78-49b7-9b25-ddce3f1a44b6" testListId="8c84fa94-04c1-424b-9868-57a2d4851a1d" />
    <TestEntry testId="d4e4ea12-c343-e653-2ac6-d647a4236b5c" executionId="d03de8c6-14cd-466c-990f-47c4d3efac79" testListId="8c84fa94-04c1-424b-9868-57a2d4851a1d" />
    <TestEntry testId="f38c4584-cb92-b183-e143-d95eb9ac6602" executionId="2a30d9bd-3938-4866-bbc5-262865baa4ed" testListId="8c84fa94-04c1-424b-9868-57a2d4851a1d" />
    <TestEntry testId="ef65d7ea-7aa5-34bd-5c4a-c876d8bbbbce" executionId="5e853bd6-05f8-40d4-949f-eb8b774158dd" testListId="8c84fa94-04c1-424b-9868-57a2d4851a1d" />
    <TestEntry testId="845fc8d7-0231-fbb6-201c-b7341a4c4f75" executionId="fad60913-1487-492a-8a6b-5e554e149261" testListId="8c84fa94-04c1-424b-9868-57a2d4851a1d" />
    <TestEntry testId="b976dcfe-833c-e7ce-ab03-e28094763002" executionId="07df755e-b47a-4569-a554-418209a0cda1" testListId="8c84fa94-04c1-424b-9868-57a2d4851a1d" />
    <TestEntry testId="922c43a1-02c5-331f-3abc-a470221fe70d" executionId="7a786594-d3e2-41c9-a0a8-a3443557f804" testListId="8c84fa94-04c1-424b-9868-57a2d4851a1d" />
    <TestEntry testId="49a247a9-5faf-e845-6605-fc22e1444568" executionId="1723a38f-8dd1-412c-a17f-2d6ecd7133ec" testListId="8c84fa94-04c1-424b-9868-57a2d4851a1d" />
    <TestEntry testId="ef70724a-29ee-735a-609d-15691643f799" executionId="674f243e-9030-41d8-87d2-66299a03af5c" testListId="8c84fa94-04c1-424b-9868-57a2d4851a1d" />
    <TestEntry testId="6b41200f-3e45-aa0d-95b9-716669623620" executionId="64dd2803-a09b-413e-a758-f59990912f13" testListId="8c84fa94-04c1-424b-9868-57a2d4851a1d" />
    <TestEntry testId="44565bbc-5c78-61b2-8a16-0ee5e5eb62c2" executionId="98a75c80-cec6-401b-b042-8dc60cfdd27a" testListId="8c84fa94-04c1-424b-9868-57a2d4851a1d" />
    <TestEntry testId="b49c4732-a499-b3e0-28ff-05c1b695801a" executionId="01c91b86-c0d5-42ee-8f63-e16979587800" testListId="8c84fa94-04c1-424b-9868-57a2d4851a1d" />
    <TestEntry testId="810e2c77-0045-c6e5-7f42-6c40c54cfcbc" executionId="0fe4fcb5-bc9d-49b2-916c-91888fd6e0b0" testListId="8c84fa94-04c1-424b-9868-57a2d4851a1d" />
    <TestEntry testId="ddb8e8e3-e496-5f81-2666-38b638ba4a0e" executionId="540132b5-7eab-414b-a989-18b054d552f0" testListId="8c84fa94-04c1-424b-9868-57a2d4851a1d" />
    <TestEntry testId="c8e70a8b-2c6e-3c14-b4a0-d2fa8b1b348c" executionId="ff033585-de73-4f81-90f5-75c754a4e851" testListId="8c84fa94-04c1-424b-9868-57a2d4851a1d" />
    <TestEntry testId="76bee936-fc1f-5f9f-f4bb-667dc12932b1" executionId="268d021a-a37e-4173-894c-7c708e6efc63" testListId="8c84fa94-04c1-424b-9868-57a2d4851a1d" />
    <TestEntry testId="37e082c5-61eb-10a4-818b-2157416f4c2c" executionId="ccefabfd-53a1-4146-b1e9-ae6092b36c46" testListId="8c84fa94-04c1-424b-9868-57a2d4851a1d" />
    <TestEntry testId="f8d6f50e-3aa0-31d8-71c3-bc57caae6ee6" executionId="439d5609-1438-4f63-a0ed-a9051b4b4903" testListId="8c84fa94-04c1-424b-9868-57a2d4851a1d" />
    <TestEntry testId="8f95f43d-c72d-a1c2-aad7-7289031c0ab2" executionId="e3770cad-e27f-460a-8ade-768c49f4655b" testListId="8c84fa94-04c1-424b-9868-57a2d4851a1d" />
    <TestEntry testId="fe24b108-bf21-50c0-4f8b-93d392b31f24" executionId="cc48fe3a-6223-420a-a4cf-44bb81695f36" testListId="8c84fa94-04c1-424b-9868-57a2d4851a1d" />
    <TestEntry testId="b47a507c-546d-65f5-c242-d62411405f28" executionId="db19b106-0cdf-4351-a93b-526f2022b339" testListId="8c84fa94-04c1-424b-9868-57a2d4851a1d" />
    <TestEntry testId="e98cd23e-d2af-fd15-29fb-23564dc26032" executionId="7a3c8498-c42f-416d-9552-049a0cb86652" testListId="8c84fa94-04c1-424b-9868-57a2d4851a1d" />
    <TestEntry testId="97a72a95-bc3c-8b35-8364-8fcd20616cee" executionId="db4fab41-cb9c-4305-91e6-8a762c5af392" testListId="8c84fa94-04c1-424b-9868-57a2d4851a1d" />
    <TestEntry testId="c85950ec-0643-07f2-1b0a-c3afbd10b617" executionId="6978723b-8e5b-4974-ad2f-920295e63b79" testListId="8c84fa94-04c1-424b-9868-57a2d4851a1d" />
    <TestEntry testId="fb0339c6-5fc2-3b49-b8a8-fd40db577e19" executionId="8683d63c-399e-47c6-b449-169d1aa5afe1" testListId="8c84fa94-04c1-424b-9868-57a2d4851a1d" />
    <TestEntry testId="4ae0ece2-c30b-b874-02cf-d78867634c79" executionId="0112c74d-883c-4105-96c1-2ac46a90da01" testListId="8c84fa94-04c1-424b-9868-57a2d4851a1d" />
    <TestEntry testId="67736f8d-3159-0472-489d-e97fb63c5c9d" executionId="014072b6-5531-40f8-a2d4-40e1ee4fa762" testListId="8c84fa94-04c1-424b-9868-57a2d4851a1d" />
    <TestEntry testId="e3a7f7b4-c5ee-6e03-72c6-c0ee0676fd48" executionId="f48a821b-f5ef-47e9-8ac1-3a1c49864746" testListId="8c84fa94-04c1-424b-9868-57a2d4851a1d" />
    <TestEntry testId="b7002acc-db5a-dc43-ed60-4fc830d983e2" executionId="697f58b6-8a5d-4b53-884d-f697df8ad79d" testListId="8c84fa94-04c1-424b-9868-57a2d4851a1d" />
  </TestEntries>
  <TestLists>
    <TestList name="Results Not in a List" id="8c84fa94-04c1-424b-9868-57a2d4851a1d" />
    <TestList name="All Loaded Results" id="19431567-8539-422a-85d7-44ee4e166bda" />
  </TestLists>
  <ResultSummary outcome="Completed">
    <Counters total="29" executed="29" passed="29" failed="0" error="0" timeout="0" aborted="0" inconclusive="0" passedButRunAborted="0" notRunnable="0" notExecuted="0" disconnected="0" warning="0" completed="0" inProgress="0" pending="0" />
    <Output>
      <StdOut>[xUnit.net 00:00:00.00] xUnit.net VSTest Adapter v2.8.2+699d445a1a (64-bit .NET 9.0.8)
[xUnit.net 00:00:00.09]   Discovering: Bot.Tests
[xUnit.net 00:00:00.15]   Discovered:  Bot.Tests
[xUnit.net 00:00:00.15]   Starting:    Bot.Tests
Exported CSV to /tmp/BotCsv_e2106607138e4e6eb29cde563f811aab.csv.
Exported CSV to /tmp/BotCsv_92803a7d14dc48e09cf328c6d5cbf950.csv.
[xUnit.net 00:00:00.39]   Finished:    Bot.Tests
</StdOut>
    </Output>
    <CollectorDataEntries>
      <Collector agentName="mlem" uri="datacollector://microsoft/CoverletCodeCoverage/1.0" collectorDisplayName="XPlat code coverage">
        <UriAttachments>
          <UriAttachment>
            <A href="mlem/coverage.cobertura.xml"></A>
          </UriAttachment>
        </UriAttachments>
      </Collector>
    </CollectorDataEntries>
  </ResultSummary>
</TestRun>